[debug] [2018-12-13T07:39:53.311Z] ----------------------------------------------------------------------
[debug] [2018-12-13T07:39:53.313Z] Command:       /usr/local/bin/node /usr/local/bin/firebase init
[debug] [2018-12-13T07:39:53.314Z] CLI Version:   6.1.2
[debug] [2018-12-13T07:39:53.314Z] Platform:      darwin
[debug] [2018-12-13T07:39:53.314Z] Node Version:  v10.13.0
[debug] [2018-12-13T07:39:53.316Z] Time:          Thu Dec 13 2018 02:39:53 GMT-0500 (Eastern Standard Time)
[debug] [2018-12-13T07:39:53.316Z] ----------------------------------------------------------------------
[debug] 
[debug] [2018-12-13T07:39:53.328Z] > command requires scopes: ["email","openid","https://www.googleapis.com/auth/cloudplatformprojects.readonly","https://www.googleapis.com/auth/firebase","https://www.googleapis.com/auth/cloud-platform"]
[debug] [2018-12-13T07:39:53.328Z] > authorizing via signed-in user
[info] 
     ######## #### ########  ######## ########     ###     ######  ########
     ##        ##  ##     ## ##       ##     ##  ##   ##  ##       ##
     ######    ##  ########  ######   ########  #########  ######  ######
     ##        ##  ##    ##  ##       ##     ## ##     ##       ## ##
     ##       #### ##     ## ######## ########  ##     ##  ######  ########

You're about to initialize a Firebase project in this directory:

  /Users/joshuaisaac/Desktop/Meme-Me

[info] 
=== Project Setup
[info] 
[info] First, let's associate this project directory with a Firebase project.
[info] You can create multiple project aliases by running firebase use --add, 
[info] but for now we'll just set up a default project.
[info] 
[debug] [2018-12-13T07:39:56.343Z] > refreshing access token with scopes: ["email","https://www.googleapis.com/auth/cloud-platform","https://www.googleapis.com/auth/cloudplatformprojects.readonly","https://www.googleapis.com/auth/firebase","openid"]
[debug] [2018-12-13T07:39:56.344Z] >>> HTTP REQUEST POST https://www.googleapis.com/oauth2/v3/token  
 <request body omitted>
[debug] [2018-12-13T07:39:56.626Z] <<< HTTP RESPONSE 200
[debug] [2018-12-13T07:39:56.644Z] >>> HTTP REQUEST GET https://firebase.googleapis.com/v1beta1/projects?page_size=100  
 
[debug] [2018-12-13T07:39:57.278Z] <<< HTTP RESPONSE 200
[info] i  Using project meme-me-9626c (meme-me)
[info] 
=== Hosting Setup
[info] 
[info] Your public directory is the folder (relative to your project directory) that
[info] will contain Hosting assets to be uploaded with firebase deploy. If you
[info] have a build process for your assets, use your build's output directory.
[info] 
